<?xml version="1.0" encoding="UTF-8"?>
<!--
Copyright (C) 2022 CLARIN ERIC <clarin@clarin.eu>

This program is free software: you can redistribute it and/or modify
it under the terms of the GNU General Public License as published by
the Free Software Foundation, either version 3 of the License, or
(at your option) any later version.

This program is distributed in the hope that it will be useful,
but WITHOUT ANY WARRANTY; without even the implied warranty of
MERCHANTABILITY or FITNESS FOR A PARTICULAR PURPOSE.  See the
GNU General Public License for more details.

You should have received a copy of the GNU General Public License
along with this program.  If not, see <http://www.gnu.org/licenses/>.
-->

<mappingDefinition xmlns:xsi="http://www.w3.org/2001/XMLSchema-instance">
<!--    <contextAssertionBasedRule>
        <assertions>
            <assertion xsi:type="contextAssertionAndOperator">
                <assertion xsi:type="contextAssertionNotOperator">
                    <assertion xsi:type="contextAssertionBooleanOperator">false</assertion>
                </assertion>
                <assertion xsi:type="conceptPathAssertion">
                    <conceptPath>concept1 concept2</conceptPath>
                </assertion>
            </assertion>
        </assertions>
        <transformations>
            <transformation xsi:type="identityTransformation" field="test"/>
        </transformations>
        <terminal>true</terminal>
    </contextAssertionBasedRule>
    <contextAssertionBasedRule>
        <assertions>
            <assertion xsi:type="valueAssertion" regex="false" lang="en" caseSensitive="false">value1</assertion>
            <assertion xsi:type="valueAssertion" regex="false" lang="fr" caseSensitive="true">value2</assertion>
            <assertion xsi:type="valueAssertion" regex="true" caseSensitive="false">value[A-Z]</assertion>
        </assertions>
        <transformations>
            <transformation xsi:type="identityTransformation" field="test"/>
        </transformations>
        <terminal>false</terminal>
    </contextAssertionBasedRule>-->
    <contextAssertionBasedRule>
        <assertions>
            <assertion xsi:type="xPathAssertion">/cmd:CMD/cmd:Components/cmdp:ArthurianFiction/cmdp:manuscript/cmdp:id/text()</assertion>
        </assertions>
        <transformations>
            <transformation xsi:type="identityTransformation">
                <field>id</field>
            </transformation>
        </transformations>
        <terminal>false</terminal>
    </contextAssertionBasedRule>
</mappingDefinition>

