<?xml version="1.0" encoding="UTF-8"?>
<!--
Copyright (C) 2022 CLARIN ERIC <clarin@clarin.eu>

This program is free software: you can redistribute it and/or modify
it under the terms of the GNU General Public License as published by
the Free Software Foundation, either version 3 of the License, or
(at your option) any later version.

This program is distributed in the hope that it will be useful,
but WITHOUT ANY WARRANTY; without even the implied warranty of
MERCHANTABILITY or FITNESS FOR A PARTICULAR PURPOSE.  See the
GNU General Public License for more details.

You should have received a copy of the GNU General Public License
along with this program.  If not, see <http://www.gnu.org/licenses/>.
-->


<mappingDefinition>
    <contextAssertionBasedRule>
        <assertions>
            <assertion xsi:type="conceptPathAssertion" xmlns:xsi="http://www.w3.org/2001/XMLSchema-instance">
                <conceptPath>
                    <concept>concept1</concept>
                    <concept>concept2</concept>
                </conceptPath>
            </assertion>
        </assertions>
        <transformations>
            <transformation xsi:type="identityTransformation" xmlns:xsi="http://www.w3.org/2001/XMLSchema-instance"/>
        </transformations>
        <terminal>true</terminal>
    </contextAssertionBasedRule>
</mappingDefinition>

